# Logfile created on Fri Jan 29 18:59:06 +0200 2010

Processing TestController#index (for 127.0.0.1 at 2010-01-29 19:03:50) [GET]
  [4;36;1mRegioncode Load (34.5ms)[0m   [0;1mselect description, code from regioncodes where code_index = 2[0m
Rendering test/index
Rendered test/_dhmotiko_diamerisma (4.3ms)
Rendered test/_dhmos (1.3ms)
Completed in 216ms (View: 168, DB: 34) | 200 OK [http://localhost/test]


Processing TestController#update_dhmotiko_diamerisma (for 127.0.0.1 at 2010-01-29 19:03:53) [POST]
  Parameters: {"code"=>"01", "authenticity_token"=>"u8XMVNPz8XDMXSHx6DTWRELrC51UkCOPwm9Y5ZKNhbE="}
  [4;35;1mRegioncode Load (88.4ms)[0m   [0mselect description, code from regioncodes where code_index = 5 and code like '01%' [0m
Rendered test/_dhmotiko_diamerisma (24.9ms)
Rendered test/_dhmos (0.5ms)
Completed in 221ms (View: 108, DB: 88) | 200 OK [http://localhost/test/update_dhmotiko_diamerisma]


Processing TestController#update_dhmos (for 127.0.0.1 at 2010-01-29 19:03:55) [POST]
  Parameters: {"code"=>"01010400", "authenticity_token"=>"u8XMVNPz8XDMXSHx6DTWRELrC51UkCOPwm9Y5ZKNhbE="}
  [4;36;1mRegioncode Load (65.3ms)[0m   [0;1mselect description, code from regioncodes where code_index = 6 and code like '010104%' [0m
Rendered test/_dhmos (3.0ms)
Completed in 84ms (View: 7, DB: 65) | 200 OK [http://localhost/test/update_dhmos]


Processing TestController#update_dhmotiko_diamerisma (for 127.0.0.1 at 2010-01-29 19:03:59) [POST]
  Parameters: {"code"=>"64", "authenticity_token"=>"u8XMVNPz8XDMXSHx6DTWRELrC51UkCOPwm9Y5ZKNhbE="}
  [4;35;1mRegioncode Load (54.9ms)[0m   [0mselect description, code from regioncodes where code_index = 5 and code like '64%' [0m
Rendered test/_dhmotiko_diamerisma (8.0ms)
Rendered test/_dhmos (0.5ms)
Completed in 108ms (View: 37, DB: 55) | 200 OK [http://localhost/test/update_dhmotiko_diamerisma]


Processing TestController#update_dhmos (for 127.0.0.1 at 2010-01-29 19:04:01) [POST]
  Parameters: {"code"=>"64010500", "authenticity_token"=>"u8XMVNPz8XDMXSHx6DTWRELrC51UkCOPwm9Y5ZKNhbE="}
  [4;36;1mRegioncode Load (56.6ms)[0m   [0;1mselect description, code from regioncodes where code_index = 6 and code like '640105%' [0m
Rendered test/_dhmos (0.7ms)
Completed in 70ms (View: 4, DB: 57) | 200 OK [http://localhost/test/update_dhmos]


Processing TestController#update_dhmotiko_diamerisma (for 127.0.0.1 at 2010-01-29 19:04:07) [POST]
  Parameters: {"code"=>"06", "authenticity_token"=>"u8XMVNPz8XDMXSHx6DTWRELrC51UkCOPwm9Y5ZKNhbE="}
  [4;35;1mRegioncode Load (227.7ms)[0m   [0mselect description, code from regioncodes where code_index = 5 and code like '06%' [0m
Rendered test/_dhmotiko_diamerisma (12.9ms)
Rendered test/_dhmos (0.5ms)
Completed in 319ms (View: 78, DB: 228) | 200 OK [http://localhost/test/update_dhmotiko_diamerisma]


Processing TestController#update_dhmos (for 127.0.0.1 at 2010-01-29 19:04:08) [POST]
  Parameters: {"code"=>"06010500", "authenticity_token"=>"u8XMVNPz8XDMXSHx6DTWRELrC51UkCOPwm9Y5ZKNhbE="}
  [4;36;1mRegioncode Load (56.2ms)[0m   [0;1mselect description, code from regioncodes where code_index = 6 and code like '060105%' [0m
Rendered test/_dhmos (0.8ms)
Completed in 73ms (View: 8, DB: 56) | 200 OK [http://localhost/test/update_dhmos]


Processing TestController#update_dhmotiko_diamerisma (for 127.0.0.1 at 2010-01-29 19:04:12) [POST]
  Parameters: {"code"=>"", "authenticity_token"=>"u8XMVNPz8XDMXSHx6DTWRELrC51UkCOPwm9Y5ZKNhbE="}
  [4;35;1mRegioncode Load (681.2ms)[0m   [0mselect description, code from regioncodes where code_index = 5 and code like '%' [0m
Rendered test/_dhmotiko_diamerisma (214.8ms)
Rendered test/_dhmos (0.6ms)
Completed in 3315ms (View: 2261, DB: 681) | 200 OK [http://localhost/test/update_dhmotiko_diamerisma]


Processing TestController#update_dhmotiko_diamerisma (for 127.0.0.1 at 2010-01-29 19:04:38) [POST]
  Parameters: {"code"=>"01", "authenticity_token"=>"u8XMVNPz8XDMXSHx6DTWRELrC51UkCOPwm9Y5ZKNhbE="}
  [4;36;1mRegioncode Load (83.6ms)[0m   [0;1mselect description, code from regioncodes where code_index = 5 and code like '01%' [0m
Rendered test/_dhmotiko_diamerisma (14.6ms)
Rendered test/_dhmos (0.5ms)
Completed in 202ms (View: 95, DB: 84) | 200 OK [http://localhost/test/update_dhmotiko_diamerisma]


Processing TestController#update_dhmos (for 127.0.0.1 at 2010-01-29 19:04:39) [POST]
  Parameters: {"code"=>"01010500", "authenticity_token"=>"u8XMVNPz8XDMXSHx6DTWRELrC51UkCOPwm9Y5ZKNhbE="}
  [4;35;1mRegioncode Load (64.3ms)[0m   [0mselect description, code from regioncodes where code_index = 6 and code like '010105%' [0m
Rendered test/_dhmos (3.1ms)
Completed in 81ms (View: 8, DB: 64) | 200 OK [http://localhost/test/update_dhmos]


Processing TestController#update_dhmos (for 127.0.0.1 at 2010-01-29 19:04:44) [POST]
  Parameters: {"code"=>"", "authenticity_token"=>"u8XMVNPz8XDMXSHx6DTWRELrC51UkCOPwm9Y5ZKNhbE="}
  [4;36;1mRegioncode Load (1461.5ms)[0m   [0;1mselect description, code from regioncodes where code_index = 6 and code like '%' [0m
Rendered test/_dhmos (451.8ms)
Completed in 7346ms (View: 5265, DB: 1461) | 200 OK [http://localhost/test/update_dhmos]
  [4;36;1mSQL (10.7ms)[0m   [0;1m SELECT name
 FROM sqlite_master
 WHERE type = 'table' AND NOT name = 'sqlite_sequence'
[0m
  [4;35;1mRegioncode Load (112.9ms)[0m   [0mselect description, code from regioncodes where code_index = 2[0m
  [4;36;1mRegioncode Load (48.4ms)[0m   [0;1mselect description, code from regioncodes where code_index = 2 and code like '85%' [0m


Processing TestController#index (for 127.0.0.1 at 2010-01-30 00:06:19) [GET]
  [4;36;1mRegioncode Load (80.6ms)[0m   [0;1mselect description, code from regioncodes where code_index = 2[0m
Rendering test/index
Rendered test/_dhmotiko_diamerisma (4.3ms)
Rendered test/_dhmos (1.4ms)
Completed in 888ms (View: 760, DB: 81) | 200 OK [http://localhost/test]


Processing TestController#update_dhmotiko_diamerisma (for 127.0.0.1 at 2010-01-30 00:06:25) [POST]
  Parameters: {"code"=>"04", "authenticity_token"=>"kFjpY/zK6tlN+Vcu8bMPOK21+5b+LiVQjo5gH6nXSyI="}
  [4;35;1mRegioncode Load (71.3ms)[0m   [0mselect description, code from regioncodes where code_index = 2 and code like '04%' [0m
  [4;36;1mRegioncode Load (103.0ms)[0m   [0;1mselect description, code from regioncodes where code_index = 5 and code like '04%' [0m
Rendered test/_dhmotiko_diamerisma (52.0ms)
Rendered test/_dhmos (1.5ms)
Completed in 454ms (View: 240, DB: 174) | 200 OK [http://localhost/test/update_dhmotiko_diamerisma]


Processing TestController#update_dhmos (for 127.0.0.1 at 2010-01-30 00:06:27) [POST]
  Parameters: {"code"=>"04040200", "authenticity_token"=>"kFjpY/zK6tlN+Vcu8bMPOK21+5b+LiVQjo5gH6nXSyI="}
  [4;35;1mRegioncode Load (90.3ms)[0m   [0mselect description, code from regioncodes where code_index = 6 and code like '040402%' [0m
Rendered test/_dhmos (0.8ms)
Completed in 120ms (View: 3, DB: 90) | 200 OK [http://localhost/test/update_dhmos]


Processing TestController#update_dhmos (for 127.0.0.1 at 2010-01-30 00:06:32) [POST]
  Parameters: {"code"=>"04020300", "authenticity_token"=>"kFjpY/zK6tlN+Vcu8bMPOK21+5b+LiVQjo5gH6nXSyI="}
  [4;36;1mRegioncode Load (87.7ms)[0m   [0;1mselect description, code from regioncodes where code_index = 6 and code like '040203%' [0m
Rendered test/_dhmos (21.2ms)
Completed in 134ms (View: 31, DB: 88) | 200 OK [http://localhost/test/update_dhmos]


Processing TestController#update_dhmotiko_diamerisma (for 127.0.0.1 at 2010-01-30 00:06:38) [POST]
  Parameters: {"code"=>"16", "authenticity_token"=>"kFjpY/zK6tlN+Vcu8bMPOK21+5b+LiVQjo5gH6nXSyI="}
  [4;35;1mRegioncode Load (91.3ms)[0m   [0mselect description, code from regioncodes where code_index = 2 and code like '16%' [0m
  [4;36;1mRegioncode Load (89.4ms)[0m   [0;1mselect description, code from regioncodes where code_index = 5 and code like '16%' [0m
Rendered test/_dhmotiko_diamerisma (36.8ms)
Rendered test/_dhmos (0.5ms)
Completed in 393ms (View: 157, DB: 181) | 200 OK [http://localhost/test/update_dhmotiko_diamerisma]


Processing TestController#update_dhmos (for 127.0.0.1 at 2010-01-30 00:06:43) [POST]
  Parameters: {"code"=>"16040200", "authenticity_token"=>"kFjpY/zK6tlN+Vcu8bMPOK21+5b+LiVQjo5gH6nXSyI="}
  [4;35;1mRegioncode Load (187.6ms)[0m   [0mselect description, code from regioncodes where code_index = 6 and code like '160402%' [0m
Rendered test/_dhmos (0.8ms)
Completed in 517ms (View: 317, DB: 188) | 200 OK [http://localhost/test/update_dhmos]


Processing TestController#update_dhmos (for 127.0.0.1 at 2010-01-30 00:06:52) [POST]
  Parameters: {"code"=>"16010100", "authenticity_token"=>"kFjpY/zK6tlN+Vcu8bMPOK21+5b+LiVQjo5gH6nXSyI="}
  [4;36;1mRegioncode Load (93.3ms)[0m   [0;1mselect description, code from regioncodes where code_index = 6 and code like '160101%' [0m
Rendered test/_dhmos (1.1ms)
Completed in 161ms (View: 31, DB: 93) | 200 OK [http://localhost/test/update_dhmos]


Processing TestController#update_dhmos (for 127.0.0.1 at 2010-01-30 00:06:56) [POST]
  Parameters: {"code"=>"16040400", "authenticity_token"=>"kFjpY/zK6tlN+Vcu8bMPOK21+5b+LiVQjo5gH6nXSyI="}
  [4;35;1mRegioncode Load (212.0ms)[0m   [0mselect description, code from regioncodes where code_index = 6 and code like '160404%' [0m
Rendered test/_dhmos (0.9ms)
Completed in 240ms (View: 7, DB: 212) | 200 OK [http://localhost/test/update_dhmos]


Processing TestController#update_dhmotiko_diamerisma (for 127.0.0.1 at 2010-01-30 00:07:00) [POST]
  Parameters: {"code"=>"21", "authenticity_token"=>"kFjpY/zK6tlN+Vcu8bMPOK21+5b+LiVQjo5gH6nXSyI="}
  [4;36;1mRegioncode Load (106.7ms)[0m   [0;1mselect description, code from regioncodes where code_index = 2 and code like '21%' [0m
  [4;35;1mRegioncode Load (136.1ms)[0m   [0mselect description, code from regioncodes where code_index = 5 and code like '21%' [0m
Rendered test/_dhmotiko_diamerisma (14.8ms)
Rendered test/_dhmos (0.9ms)
Completed in 387ms (View: 120, DB: 243) | 200 OK [http://localhost/test/update_dhmotiko_diamerisma]


Processing TestController#update_dhmos (for 127.0.0.1 at 2010-01-30 00:07:03) [POST]
  Parameters: {"code"=>"21020600", "authenticity_token"=>"kFjpY/zK6tlN+Vcu8bMPOK21+5b+LiVQjo5gH6nXSyI="}
  [4;36;1mRegioncode Load (191.7ms)[0m   [0;1mselect description, code from regioncodes where code_index = 6 and code like '210206%' [0m
Rendered test/_dhmos (0.9ms)
Completed in 229ms (View: 22, DB: 192) | 200 OK [http://localhost/test/update_dhmos]


Processing TestController#update_dhmotiko_diamerisma (for 127.0.0.1 at 2010-01-30 00:07:07) [POST]
  Parameters: {"code"=>"14", "authenticity_token"=>"kFjpY/zK6tlN+Vcu8bMPOK21+5b+LiVQjo5gH6nXSyI="}
  [4;35;1mRegioncode Load (103.2ms)[0m   [0mselect description, code from regioncodes where code_index = 2 and code like '14%' [0m
  [4;36;1mRegioncode Load (209.9ms)[0m   [0;1mselect description, code from regioncodes where code_index = 5 and code like '14%' [0m
Rendered test/_dhmotiko_diamerisma (30.6ms)
Rendered test/_dhmos (0.5ms)
Completed in 556ms (View: 167, DB: 313) | 200 OK [http://localhost/test/update_dhmotiko_diamerisma]


Processing TestController#update_dhmos (for 127.0.0.1 at 2010-01-30 00:07:11) [POST]
  Parameters: {"code"=>"14010100", "authenticity_token"=>"kFjpY/zK6tlN+Vcu8bMPOK21+5b+LiVQjo5gH6nXSyI="}
  [4;35;1mRegioncode Load (89.1ms)[0m   [0mselect description, code from regioncodes where code_index = 6 and code like '140101%' [0m
Rendered test/_dhmos (0.8ms)
Completed in 118ms (View: 10, DB: 89) | 200 OK [http://localhost/test/update_dhmos]


Processing TestController#update_dhmos (for 127.0.0.1 at 2010-01-30 00:07:16) [POST]
  Parameters: {"code"=>"14030500", "authenticity_token"=>"kFjpY/zK6tlN+Vcu8bMPOK21+5b+LiVQjo5gH6nXSyI="}
  [4;36;1mRegioncode Load (125.9ms)[0m   [0;1mselect description, code from regioncodes where code_index = 6 and code like '140305%' [0m
Rendered test/_dhmos (0.7ms)
Completed in 157ms (View: 4, DB: 126) | 200 OK [http://localhost/test/update_dhmos]


Processing TestController#update_dhmotiko_diamerisma (for 127.0.0.1 at 2010-01-30 00:07:24) [POST]
  Parameters: {"code"=>"A1", "authenticity_token"=>"kFjpY/zK6tlN+Vcu8bMPOK21+5b+LiVQjo5gH6nXSyI="}
  [4;35;1mRegioncode Load (137.5ms)[0m   [0mselect description, code from regioncodes where code_index = 2 and code like 'A1%' [0m
  [4;36;1mRegioncode Load (126.1ms)[0m   [0;1mselect description, code from regioncodes where code_index = 5 and code like 'A1%' [0m
Rendered test/_dhmotiko_diamerisma (39.0ms)
Rendered test/_dhmos (0.5ms)
Completed in 371ms (View: 88, DB: 264) | 200 OK [http://localhost/test/update_dhmotiko_diamerisma]


Processing TestController#update_dhmos (for 127.0.0.1 at 2010-01-30 00:07:27) [POST]
  Parameters: {"code"=>"A1010100", "authenticity_token"=>"kFjpY/zK6tlN+Vcu8bMPOK21+5b+LiVQjo5gH6nXSyI="}
  [4;35;1mRegioncode Load (129.7ms)[0m   [0mselect description, code from regioncodes where code_index = 6 and code like 'A10101%' [0m
Rendered test/_dhmos (0.8ms)
Completed in 165ms (View: 31, DB: 130) | 200 OK [http://localhost/test/update_dhmos]


Processing TestController#update_dhmotiko_diamerisma (for 127.0.0.1 at 2010-01-30 00:07:32) [POST]
  Parameters: {"code"=>"71", "authenticity_token"=>"kFjpY/zK6tlN+Vcu8bMPOK21+5b+LiVQjo5gH6nXSyI="}
  [4;36;1mRegioncode Load (118.6ms)[0m   [0;1mselect description, code from regioncodes where code_index = 2 and code like '71%' [0m
  [4;35;1mRegioncode Load (116.2ms)[0m   [0mselect description, code from regioncodes where code_index = 5 and code like '71%' [0m
Rendered test/_dhmotiko_diamerisma (12.4ms)
Rendered test/_dhmos (0.5ms)
Completed in 381ms (View: 113, DB: 235) | 200 OK [http://localhost/test/update_dhmotiko_diamerisma]


Processing TestController#update_dhmos (for 127.0.0.1 at 2010-01-30 00:07:35) [POST]
  Parameters: {"code"=>"71010100", "authenticity_token"=>"kFjpY/zK6tlN+Vcu8bMPOK21+5b+LiVQjo5gH6nXSyI="}
  [4;36;1mRegioncode Load (168.7ms)[0m   [0;1mselect description, code from regioncodes where code_index = 6 and code like '710101%' [0m
Rendered test/_dhmos (1.1ms)
Completed in 218ms (View: 30, DB: 169) | 200 OK [http://localhost/test/update_dhmos]


Processing TestController#update_dhmos (for 127.0.0.1 at 2010-01-30 00:07:40) [POST]
  Parameters: {"code"=>"71010600", "authenticity_token"=>"kFjpY/zK6tlN+Vcu8bMPOK21+5b+LiVQjo5gH6nXSyI="}
  [4;35;1mRegioncode Load (122.5ms)[0m   [0mselect description, code from regioncodes where code_index = 6 and code like '710106%' [0m
Rendered test/_dhmos (0.9ms)
Completed in 148ms (View: 7, DB: 122) | 200 OK [http://localhost/test/update_dhmos]


Processing TestController#update_dhmotiko_diamerisma (for 127.0.0.1 at 2010-01-30 00:07:44) [POST]
  Parameters: {"code"=>"63", "authenticity_token"=>"kFjpY/zK6tlN+Vcu8bMPOK21+5b+LiVQjo5gH6nXSyI="}
  [4;36;1mRegioncode Load (123.4ms)[0m   [0;1mselect description, code from regioncodes where code_index = 2 and code like '63%' [0m
  [4;35;1mRegioncode Load (75.4ms)[0m   [0mselect description, code from regioncodes where code_index = 5 and code like '63%' [0m
Rendered test/_dhmotiko_diamerisma (11.0ms)
Rendered test/_dhmos (0.5ms)
Completed in 286ms (View: 76, DB: 199) | 200 OK [http://localhost/test/update_dhmotiko_diamerisma]


Processing TestController#update_dhmos (for 127.0.0.1 at 2010-01-30 00:07:47) [POST]
  Parameters: {"code"=>"63010600", "authenticity_token"=>"kFjpY/zK6tlN+Vcu8bMPOK21+5b+LiVQjo5gH6nXSyI="}
  [4;36;1mRegioncode Load (197.4ms)[0m   [0;1mselect description, code from regioncodes where code_index = 6 and code like '630106%' [0m
Rendered test/_dhmos (8.5ms)
Completed in 230ms (View: 20, DB: 197) | 200 OK [http://localhost/test/update_dhmos]


Processing TestController#update_dhmotiko_diamerisma (for 127.0.0.1 at 2010-01-30 00:07:53) [POST]
  Parameters: {"code"=>"94", "authenticity_token"=>"kFjpY/zK6tlN+Vcu8bMPOK21+5b+LiVQjo5gH6nXSyI="}
  [4;35;1mRegioncode Load (56.0ms)[0m   [0mselect description, code from regioncodes where code_index = 2 and code like '94%' [0m
  [4;36;1mRegioncode Load (62.1ms)[0m   [0;1mselect description, code from regioncodes where code_index = 5 and code like '94%' [0m
Rendered test/_dhmotiko_diamerisma (59.4ms)
Rendered test/_dhmos (26.6ms)
Completed in 668ms (View: 283, DB: 118) | 200 OK [http://localhost/test/update_dhmotiko_diamerisma]


Processing TestController#update_dhmos (for 127.0.0.1 at 2010-01-30 00:07:56) [POST]
  Parameters: {"code"=>"94040200", "authenticity_token"=>"kFjpY/zK6tlN+Vcu8bMPOK21+5b+LiVQjo5gH6nXSyI="}
  [4;35;1mRegioncode Load (212.2ms)[0m   [0mselect description, code from regioncodes where code_index = 6 and code like '940402%' [0m
Rendered test/_dhmos (1.5ms)
Completed in 242ms (View: 17, DB: 212) | 200 OK [http://localhost/test/update_dhmos]


Processing TestController#update_dhmotiko_diamerisma (for 127.0.0.1 at 2010-01-30 00:08:03) [POST]
  Parameters: {"code"=>"81", "authenticity_token"=>"kFjpY/zK6tlN+Vcu8bMPOK21+5b+LiVQjo5gH6nXSyI="}
  [4;36;1mRegioncode Load (83.0ms)[0m   [0;1mselect description, code from regioncodes where code_index = 2 and code like '81%' [0m
  [4;35;1mRegioncode Load (71.5ms)[0m   [0mselect description, code from regioncodes where code_index = 5 and code like '81%' [0m
Rendered test/_dhmotiko_diamerisma (26.1ms)
Rendered test/_dhmos (0.7ms)
Completed in 292ms (View: 97, DB: 155) | 200 OK [http://localhost/test/update_dhmotiko_diamerisma]


Processing TestController#update_dhmos (for 127.0.0.1 at 2010-01-30 00:08:05) [POST]
  Parameters: {"code"=>"81050100", "authenticity_token"=>"kFjpY/zK6tlN+Vcu8bMPOK21+5b+LiVQjo5gH6nXSyI="}
  [4;36;1mRegioncode Load (192.3ms)[0m   [0;1mselect description, code from regioncodes where code_index = 6 and code like '810501%' [0m
Rendered test/_dhmos (21.2ms)
Completed in 259ms (View: 24, DB: 192) | 200 OK [http://localhost/test/update_dhmos]


Processing TestController#update_dhmos (for 127.0.0.1 at 2010-01-30 00:08:11) [POST]
  Parameters: {"code"=>"81040200", "authenticity_token"=>"kFjpY/zK6tlN+Vcu8bMPOK21+5b+LiVQjo5gH6nXSyI="}
  [4;35;1mRegioncode Load (162.7ms)[0m   [0mselect description, code from regioncodes where code_index = 6 and code like '810402%' [0m
Rendered test/_dhmos (6.4ms)
Completed in 224ms (View: 36, DB: 163) | 200 OK [http://localhost/test/update_dhmos]


Processing TestController#update_dhmotiko_diamerisma (for 127.0.0.1 at 2010-01-30 00:08:16) [POST]
  Parameters: {"code"=>"63", "authenticity_token"=>"kFjpY/zK6tlN+Vcu8bMPOK21+5b+LiVQjo5gH6nXSyI="}
  [4;36;1mRegioncode Load (113.8ms)[0m   [0;1mselect description, code from regioncodes where code_index = 2 and code like '63%' [0m
  [4;35;1mRegioncode Load (124.5ms)[0m   [0mselect description, code from regioncodes where code_index = 5 and code like '63%' [0m
Rendered test/_dhmotiko_diamerisma (48.5ms)
Rendered test/_dhmos (0.5ms)
Completed in 444ms (View: 145, DB: 238) | 200 OK [http://localhost/test/update_dhmotiko_diamerisma]


Processing TestController#update_dhmos (for 127.0.0.1 at 2010-01-30 00:08:18) [POST]
  Parameters: {"code"=>"63010200", "authenticity_token"=>"kFjpY/zK6tlN+Vcu8bMPOK21+5b+LiVQjo5gH6nXSyI="}
  [4;36;1mRegioncode Load (195.6ms)[0m   [0;1mselect description, code from regioncodes where code_index = 6 and code like '630102%' [0m
Rendered test/_dhmos (0.7ms)
Completed in 221ms (View: 12, DB: 196) | 200 OK [http://localhost/test/update_dhmos]


Processing TestController#update_dhmotiko_diamerisma (for 127.0.0.1 at 2010-01-30 00:08:23) [POST]
  Parameters: {"code"=>"65", "authenticity_token"=>"kFjpY/zK6tlN+Vcu8bMPOK21+5b+LiVQjo5gH6nXSyI="}
  [4;35;1mRegioncode Load (94.3ms)[0m   [0mselect description, code from regioncodes where code_index = 2 and code like '65%' [0m
  [4;36;1mRegioncode Load (91.8ms)[0m   [0;1mselect description, code from regioncodes where code_index = 5 and code like '65%' [0m
Rendered test/_dhmotiko_diamerisma (433.8ms)
Rendered test/_dhmos (9.1ms)
Completed in 670ms (View: 447, DB: 186) | 200 OK [http://localhost/test/update_dhmotiko_diamerisma]


Processing TestController#update_dhmos (for 127.0.0.1 at 2010-01-30 00:08:26) [POST]
  Parameters: {"code"=>"65010100", "authenticity_token"=>"kFjpY/zK6tlN+Vcu8bMPOK21+5b+LiVQjo5gH6nXSyI="}
  [4;35;1mRegioncode Load (224.2ms)[0m   [0mselect description, code from regioncodes where code_index = 6 and code like '650101%' [0m
Rendered test/_dhmos (5.2ms)
Completed in 315ms (View: 55, DB: 224) | 200 OK [http://localhost/test/update_dhmos]


Processing TestController#update_dhmotiko_diamerisma (for 127.0.0.1 at 2010-01-30 00:08:44) [POST]
  Parameters: {"code"=>"A4", "authenticity_token"=>"kFjpY/zK6tlN+Vcu8bMPOK21+5b+LiVQjo5gH6nXSyI="}
  [4;36;1mRegioncode Load (125.7ms)[0m   [0;1mselect description, code from regioncodes where code_index = 2 and code like 'A4%' [0m
  [4;35;1mRegioncode Load (126.7ms)[0m   [0mselect description, code from regioncodes where code_index = 5 and code like 'A4%' [0m
Rendered test/_dhmotiko_diamerisma (21.5ms)
Rendered test/_dhmos (0.5ms)
Completed in 400ms (View: 123, DB: 252) | 200 OK [http://localhost/test/update_dhmotiko_diamerisma]


Processing TestController#update_dhmos (for 127.0.0.1 at 2010-01-30 00:08:47) [POST]
  Parameters: {"code"=>"A4050100", "authenticity_token"=>"kFjpY/zK6tlN+Vcu8bMPOK21+5b+LiVQjo5gH6nXSyI="}
  [4;36;1mRegioncode Load (189.9ms)[0m   [0;1mselect description, code from regioncodes where code_index = 6 and code like 'A40501%' [0m
Rendered test/_dhmos (24.7ms)
Completed in 252ms (View: 43, DB: 190) | 200 OK [http://localhost/test/update_dhmos]
  [4;36;1mSQL (1.6ms)[0m   [0;1m SELECT name
 FROM sqlite_master
 WHERE type = 'table' AND NOT name = 'sqlite_sequence'
[0m
  [4;35;1mSQL (0.8ms)[0m   [0mSELECT version FROM schema_migrations[0m
Migrating to CreateGenres (20100124165120)
Migrating to CreateArtists (20100124165129)
Migrating to CreateSongs (20100124165136)
Migrating to CreateHierarchy (20100124165201)
  [4;36;1mSQL (0.4ms)[0m   [0;1mselect sqlite_version(*)[0m
  [4;35;1mSQL (0.8ms)[0m   [0m SELECT name
 FROM sqlite_master
 WHERE type = 'table' AND NOT name = 'sqlite_sequence'
[0m
  [4;36;1mSQL (4.2ms)[0m   [0;1mSELECT version FROM schema_migrations[0m
  [4;35;1mSQL (0.7ms)[0m   [0m SELECT name
 FROM sqlite_master
 WHERE type = 'table' AND NOT name = 'sqlite_sequence'
[0m
  [4;36;1mSQL (0.2ms)[0m   [0;1mPRAGMA index_list("artists")[0m
  [4;35;1mSQL (0.2ms)[0m   [0mPRAGMA index_list("genres")[0m
  [4;36;1mSQL (0.2ms)[0m   [0;1mPRAGMA index_list("regioncodes")[0m
  [4;35;1mSQL (2.2ms)[0m   [0mPRAGMA index_list("songs")[0m
  [4;36;1mSQL (6.9ms)[0m   [0;1m SELECT name
 FROM sqlite_master
 WHERE type = 'table' AND NOT name = 'sqlite_sequence'
[0m
  [4;35;1mSQL (1.2ms)[0m   [0mSELECT version FROM schema_migrations[0m
Migrating to CreateRegioncodes (1)
  [4;36;1mSQL (0.4ms)[0m   [0;1mselect sqlite_version(*)[0m
  [4;35;1mSQL (3.3ms)[0m   [0m SELECT name
 FROM sqlite_master
 WHERE type = 'table' AND NOT name = 'sqlite_sequence'
[0m
  [4;36;1mSQL (0.8ms)[0m   [0;1mSELECT version FROM schema_migrations[0m
  [4;35;1mSQL (0.8ms)[0m   [0m SELECT name
 FROM sqlite_master
 WHERE type = 'table' AND NOT name = 'sqlite_sequence'
[0m
  [4;36;1mSQL (0.2ms)[0m   [0;1mPRAGMA index_list("artists")[0m
  [4;35;1mSQL (7.0ms)[0m   [0mPRAGMA index_list("genres")[0m
  [4;36;1mSQL (0.2ms)[0m   [0;1mPRAGMA index_list("regioncodes")[0m
  [4;35;1mSQL (0.2ms)[0m   [0mPRAGMA index_list("songs")[0m
  [4;36;1mSQL (2.7ms)[0m   [0;1m SELECT name
 FROM sqlite_master
 WHERE type = 'table' AND NOT name = 'sqlite_sequence'
[0m
  [4;35;1mSQL (0.9ms)[0m   [0mSELECT version FROM schema_migrations[0m
Migrating to CreateRegioncodes (1)
  [4;36;1mSQL (0.4ms)[0m   [0;1mselect sqlite_version(*)[0m
  [4;35;1mSQL (0.8ms)[0m   [0m SELECT name
 FROM sqlite_master
 WHERE type = 'table' AND NOT name = 'sqlite_sequence'
[0m
  [4;36;1mSQL (7.1ms)[0m   [0;1mSELECT version FROM schema_migrations[0m
  [4;35;1mSQL (0.7ms)[0m   [0m SELECT name
 FROM sqlite_master
 WHERE type = 'table' AND NOT name = 'sqlite_sequence'
[0m
  [4;36;1mSQL (0.2ms)[0m   [0;1mPRAGMA index_list("artists")[0m
  [4;35;1mSQL (0.2ms)[0m   [0mPRAGMA index_list("genres")[0m
  [4;36;1mSQL (0.2ms)[0m   [0;1mPRAGMA index_list("regioncodes")[0m
  [4;35;1mSQL (0.2ms)[0m   [0mPRAGMA index_list("songs")[0m


Processing TestController#index (for 127.0.0.1 at 2010-01-30 00:35:45) [GET]
  [4;36;1mRegioncode Load (49.0ms)[0m   [0;1mselect description, code from regioncodes where code_index = 2[0m
Rendering template within layouts/application
Rendering test/index
Rendered test/_dhmotiko_diamerisma (25.7ms)
Rendered test/_dhmos (1.3ms)
Completed in 845ms (View: 777, DB: 49) | 200 OK [http://localhost/test]


Processing TestController#update_dhmotiko_diamerisma (for 127.0.0.1 at 2010-01-30 00:35:57) [POST]
  Parameters: {"code"=>"03", "authenticity_token"=>"kFjpY/zK6tlN+Vcu8bMPOK21+5b+LiVQjo5gH6nXSyI="}
  [4;35;1mRegioncode Load (84.5ms)[0m   [0mselect description, code from regioncodes where code_index = 2 and code like '03%' [0m
  [4;36;1mRegioncode Load (51.4ms)[0m   [0;1mselect description, code from regioncodes where code_index = 5 and code like '03%' [0m
Rendered test/_dhmotiko_diamerisma (5.7ms)
Rendered test/_dhmos (0.5ms)
Completed in 271ms (View: 77, DB: 136) | 200 OK [http://localhost/test/update_dhmotiko_diamerisma]


Processing TestController#update_dhmos (for 127.0.0.1 at 2010-01-30 00:36:00) [POST]
  Parameters: {"code"=>"03010200", "authenticity_token"=>"kFjpY/zK6tlN+Vcu8bMPOK21+5b+LiVQjo5gH6nXSyI="}
  [4;35;1mRegioncode Load (125.6ms)[0m   [0mselect description, code from regioncodes where code_index = 6 and code like '030102%' [0m
Rendered test/_dhmos (0.7ms)
Completed in 139ms (View: 3, DB: 126) | 200 OK [http://localhost/test/update_dhmos]


Processing TestController#update_dhmotiko_diamerisma (for 127.0.0.1 at 2010-01-30 00:36:08) [POST]
  Parameters: {"code"=>"12", "authenticity_token"=>"kFjpY/zK6tlN+Vcu8bMPOK21+5b+LiVQjo5gH6nXSyI="}
  [4;36;1mRegioncode Load (56.6ms)[0m   [0;1mselect description, code from regioncodes where code_index = 2 and code like '12%' [0m
  [4;35;1mRegioncode Load (84.2ms)[0m   [0mselect description, code from regioncodes where code_index = 5 and code like '12%' [0m
Rendered test/_dhmotiko_diamerisma (27.1ms)
Rendered test/_dhmos (0.5ms)
Completed in 307ms (View: 136, DB: 141) | 200 OK [http://localhost/test/update_dhmotiko_diamerisma]


Processing TestController#update_dhmos (for 127.0.0.1 at 2010-01-30 00:36:10) [POST]
  Parameters: {"code"=>"12011000", "authenticity_token"=>"kFjpY/zK6tlN+Vcu8bMPOK21+5b+LiVQjo5gH6nXSyI="}
  [4;36;1mRegioncode Load (200.4ms)[0m   [0;1mselect description, code from regioncodes where code_index = 6 and code like '120110%' [0m
Rendered test/_dhmos (8.3ms)
Completed in 249ms (View: 30, DB: 200) | 200 OK [http://localhost/test/update_dhmos]


Processing TestController#update_dhmotiko_diamerisma (for 127.0.0.1 at 2010-01-30 00:36:15) [POST]
  Parameters: {"code"=>"05", "authenticity_token"=>"kFjpY/zK6tlN+Vcu8bMPOK21+5b+LiVQjo5gH6nXSyI="}
  [4;35;1mRegioncode Load (108.9ms)[0m   [0mselect description, code from regioncodes where code_index = 2 and code like '05%' [0m
  [4;36;1mRegioncode Load (77.1ms)[0m   [0;1mselect description, code from regioncodes where code_index = 5 and code like '05%' [0m
Rendered test/_dhmotiko_diamerisma (5.4ms)
Rendered test/_dhmos (0.7ms)
Completed in 691ms (View: 462, DB: 186) | 200 OK [http://localhost/test/update_dhmotiko_diamerisma]


Processing TestController#update_dhmos (for 127.0.0.1 at 2010-01-30 00:36:17) [POST]
  Parameters: {"code"=>"05010900", "authenticity_token"=>"kFjpY/zK6tlN+Vcu8bMPOK21+5b+LiVQjo5gH6nXSyI="}
  [4;35;1mRegioncode Load (169.0ms)[0m   [0mselect description, code from regioncodes where code_index = 6 and code like '050109%' [0m
Rendered test/_dhmos (0.8ms)
Completed in 200ms (View: 4, DB: 169) | 200 OK [http://localhost/test/update_dhmos]


Processing TestController#update_dhmotiko_diamerisma (for 127.0.0.1 at 2010-01-30 00:36:38) [POST]
  Parameters: {"code"=>"15", "authenticity_token"=>"kFjpY/zK6tlN+Vcu8bMPOK21+5b+LiVQjo5gH6nXSyI="}
  [4;36;1mRegioncode Load (100.2ms)[0m   [0;1mselect description, code from regioncodes where code_index = 2 and code like '15%' [0m
  [4;35;1mRegioncode Load (145.5ms)[0m   [0mselect description, code from regioncodes where code_index = 5 and code like '15%' [0m
Rendered test/_dhmotiko_diamerisma (42.6ms)
Rendered test/_dhmos (9.7ms)
Completed in 489ms (View: 153, DB: 246) | 200 OK [http://localhost/test/update_dhmotiko_diamerisma]


Processing TestController#update_dhmos (for 127.0.0.1 at 2010-01-30 00:36:42) [POST]
  Parameters: {"code"=>"15030300", "authenticity_token"=>"kFjpY/zK6tlN+Vcu8bMPOK21+5b+LiVQjo5gH6nXSyI="}
  [4;36;1mRegioncode Load (194.6ms)[0m   [0;1mselect description, code from regioncodes where code_index = 6 and code like '150303%' [0m
Rendered test/_dhmos (1.0ms)
Completed in 241ms (View: 13, DB: 195) | 200 OK [http://localhost/test/update_dhmos]


Processing TestController#index (for 127.0.0.1 at 2010-01-30 00:38:26) [GET]
  [4;35;1mRegioncode Load (58.1ms)[0m   [0mselect description, code from regioncodes where code_index = 2[0m
Rendering template within layouts/application
Rendering test/index
Rendered test/_dhmotiko_diamerisma (27.8ms)
Rendered test/_dhmos (0.6ms)
Completed in 175ms (View: 89, DB: 58) | 200 OK [http://localhost/test]


Processing TestController#index (for 127.0.0.1 at 2010-01-30 00:39:01) [GET]
  [4;36;1mRegioncode Load (52.2ms)[0m   [0;1mselect description, code from regioncodes where code_index = 2[0m
Rendering template within layouts/application
Rendering test/index
Rendered test/_dhmotiko_diamerisma (5.5ms)
Rendered test/_dhmos (0.5ms)
Completed in 105ms (View: 42, DB: 52) | 200 OK [http://localhost/test]


Processing TestController#index (for 127.0.0.1 at 2010-01-30 00:40:12) [GET]
  [4;35;1mRegioncode Load (56.0ms)[0m   [0mselect description, code from regioncodes where code_index = 2[0m
Rendering template within layouts/application
Rendering test/index
Rendered test/_dhmotiko_diamerisma (14.4ms)
Rendered test/_dhmos (0.7ms)
Completed in 203ms (View: 115, DB: 56) | 200 OK [http://localhost/test]


Processing TestController#update_dhmotiko_diamerisma (for 127.0.0.1 at 2010-01-30 00:40:22) [POST]
  Parameters: {"code"=>"04", "authenticity_token"=>"kFjpY/zK6tlN+Vcu8bMPOK21+5b+LiVQjo5gH6nXSyI="}
  [4;36;1mRegioncode Load (98.3ms)[0m   [0;1mselect description, code from regioncodes where code_index = 2 and code like '04%' [0m
  [4;35;1mRegioncode Load (90.2ms)[0m   [0mselect description, code from regioncodes where code_index = 5 and code like '04%' [0m
Rendered test/_dhmotiko_diamerisma (34.8ms)
Rendered test/_dhmos (0.6ms)
Completed in 390ms (View: 149, DB: 189) | 200 OK [http://localhost/test/update_dhmotiko_diamerisma]


Processing TestController#update_dhmos (for 127.0.0.1 at 2010-01-30 00:40:25) [POST]
  Parameters: {"code"=>"04040200", "authenticity_token"=>"kFjpY/zK6tlN+Vcu8bMPOK21+5b+LiVQjo5gH6nXSyI="}
  [4;36;1mRegioncode Load (164.0ms)[0m   [0;1mselect description, code from regioncodes where code_index = 6 and code like '040402%' [0m
Rendered test/_dhmos (1.0ms)
Completed in 190ms (View: 9, DB: 164) | 200 OK [http://localhost/test/update_dhmos]


Processing TestController#index (for 127.0.0.1 at 2010-01-30 00:42:26) [GET]
  [4;35;1mRegioncode Load (51.8ms)[0m   [0mselect description, code from regioncodes where code_index = 2[0m
Rendering template within layouts/application
Rendering test/index
Rendered test/_dhmotiko_diamerisma (2.5ms)
Rendered test/_dhmos (0.5ms)
Completed in 143ms (View: 81, DB: 52) | 200 OK [http://localhost/test]


Processing TestController#index (for 127.0.0.1 at 2010-01-30 00:43:08) [GET]
  [4;36;1mRegioncode Load (55.7ms)[0m   [0;1mselect description, code from regioncodes where code_index = 2[0m
Rendering template within layouts/application
Rendering test/index
Rendered test/_dhmotiko_diamerisma (8.2ms)
Rendered test/_dhmos (0.4ms)
Completed in 114ms (View: 40, DB: 56) | 200 OK [http://localhost/test]


Processing TestController#index (for 127.0.0.1 at 2010-01-30 00:44:15) [GET]
  [4;35;1mRegioncode Load (96.6ms)[0m   [0mselect description, code from regioncodes where code_index = 2[0m
Rendering template within layouts/application
Rendering test/index
Rendered test/_dhmotiko_diamerisma (29.9ms)
Rendered test/_dhmos (0.5ms)
Completed in 229ms (View: 124, DB: 97) | 200 OK [http://localhost/test]


Processing TestController#index (for 127.0.0.1 at 2010-01-30 00:44:48) [GET]
  [4;36;1mRegioncode Load (147.7ms)[0m   [0;1mselect description, code from regioncodes where code_index = 2[0m
Rendering template within layouts/application
Rendering test/index
Rendered test/_dhmotiko_diamerisma (14.1ms)
Rendered test/_dhmos (0.6ms)
Completed in 279ms (View: 103, DB: 148) | 200 OK [http://localhost/test]


Processing TestController#update_dhmotiko_diamerisma (for 127.0.0.1 at 2010-01-30 00:44:55) [POST]
  Parameters: {"code"=>"06", "authenticity_token"=>"kFjpY/zK6tlN+Vcu8bMPOK21+5b+LiVQjo5gH6nXSyI="}
  [4;35;1mRegioncode Load (73.6ms)[0m   [0mselect description, code from regioncodes where code_index = 2 and code like '06%' [0m
  [4;36;1mRegioncode Load (149.3ms)[0m   [0;1mselect description, code from regioncodes where code_index = 5 and code like '06%' [0m
Rendered test/_dhmotiko_diamerisma (35.3ms)
Rendered test/_dhmos (0.5ms)
Completed in 421ms (View: 178, DB: 223) | 200 OK [http://localhost/test/update_dhmotiko_diamerisma]


Processing TestController#update_dhmos (for 127.0.0.1 at 2010-01-30 00:44:59) [POST]
  Parameters: {"code"=>"06011000", "authenticity_token"=>"kFjpY/zK6tlN+Vcu8bMPOK21+5b+LiVQjo5gH6nXSyI="}
  [4;35;1mRegioncode Load (98.3ms)[0m   [0mselect description, code from regioncodes where code_index = 6 and code like '060110%' [0m
Rendered test/_dhmos (0.7ms)
Completed in 118ms (View: 3, DB: 98) | 200 OK [http://localhost/test/update_dhmos]


Processing TestController#index (for 127.0.0.1 at 2010-01-30 00:46:04) [GET]
  [4;36;1mRegioncode Load (63.5ms)[0m   [0;1mselect description, code from regioncodes where code_index = 2[0m
Rendering template within layouts/application
Rendering test/index
Rendered test/_dhmotiko_diamerisma (9.9ms)
Rendered test/_dhmos (1.2ms)
Completed in 219ms (View: 116, DB: 63) | 200 OK [http://localhost/test]


Processing TestController#update_dhmotiko_diamerisma (for 127.0.0.1 at 2010-01-30 00:46:11) [POST]
  Parameters: {"code"=>"06", "authenticity_token"=>"kFjpY/zK6tlN+Vcu8bMPOK21+5b+LiVQjo5gH6nXSyI="}
  [4;35;1mRegioncode Load (132.0ms)[0m   [0mselect description, code from regioncodes where code_index = 2 and code like '06%' [0m
  [4;36;1mRegioncode Load (193.2ms)[0m   [0;1mselect description, code from regioncodes where code_index = 5 and code like '06%' [0m
Rendered test/_dhmotiko_diamerisma (30.8ms)
Rendered test/_dhmos (0.5ms)
Completed in 515ms (View: 128, DB: 325) | 200 OK [http://localhost/test/update_dhmotiko_diamerisma]


Processing TestController#update_dhmos (for 127.0.0.1 at 2010-01-30 00:46:14) [POST]
  Parameters: {"code"=>"06020100", "authenticity_token"=>"kFjpY/zK6tlN+Vcu8bMPOK21+5b+LiVQjo5gH6nXSyI="}
  [4;35;1mRegioncode Load (145.9ms)[0m   [0mselect description, code from regioncodes where code_index = 6 and code like '060201%' [0m
Rendered test/_dhmos (0.7ms)
Completed in 167ms (View: 7, DB: 146) | 200 OK [http://localhost/test/update_dhmos]


Processing TestController#update_dhmotiko_diamerisma (for 127.0.0.1 at 2010-01-30 00:46:20) [POST]
  Parameters: {"code"=>"15", "authenticity_token"=>"kFjpY/zK6tlN+Vcu8bMPOK21+5b+LiVQjo5gH6nXSyI="}
  [4;36;1mRegioncode Load (62.3ms)[0m   [0;1mselect description, code from regioncodes where code_index = 2 and code like '15%' [0m
  [4;35;1mRegioncode Load (91.6ms)[0m   [0mselect description, code from regioncodes where code_index = 5 and code like '15%' [0m
Rendered test/_dhmotiko_diamerisma (21.8ms)
Rendered test/_dhmos (5.0ms)
Completed in 446ms (View: 172, DB: 154) | 200 OK [http://localhost/test/update_dhmotiko_diamerisma]


Processing TestController#update_dhmos (for 127.0.0.1 at 2010-01-30 00:46:23) [POST]
  Parameters: {"code"=>"15030100", "authenticity_token"=>"kFjpY/zK6tlN+Vcu8bMPOK21+5b+LiVQjo5gH6nXSyI="}
  [4;36;1mRegioncode Load (195.4ms)[0m   [0;1mselect description, code from regioncodes where code_index = 6 and code like '150301%' [0m
Rendered test/_dhmos (7.7ms)
Completed in 220ms (View: 13, DB: 195) | 200 OK [http://localhost/test/update_dhmos]


Processing TestController#update_dhmotiko_diamerisma (for 127.0.0.1 at 2010-01-30 00:46:27) [POST]
  Parameters: {"code"=>"06", "authenticity_token"=>"kFjpY/zK6tlN+Vcu8bMPOK21+5b+LiVQjo5gH6nXSyI="}
  [4;35;1mRegioncode Load (132.1ms)[0m   [0mselect description, code from regioncodes where code_index = 2 and code like '06%' [0m
  [4;36;1mRegioncode Load (104.8ms)[0m   [0;1mselect description, code from regioncodes where code_index = 5 and code like '06%' [0m
Rendered test/_dhmotiko_diamerisma (35.9ms)
Rendered test/_dhmos (0.5ms)
Completed in 473ms (View: 181, DB: 237) | 200 OK [http://localhost/test/update_dhmotiko_diamerisma]


Processing TestController#update_dhmos (for 127.0.0.1 at 2010-01-30 00:46:30) [POST]
  Parameters: {"code"=>"06010800", "authenticity_token"=>"kFjpY/zK6tlN+Vcu8bMPOK21+5b+LiVQjo5gH6nXSyI="}
  [4;35;1mRegioncode Load (191.0ms)[0m   [0mselect description, code from regioncodes where code_index = 6 and code like '060108%' [0m
Rendered test/_dhmos (0.8ms)
Completed in 243ms (View: 24, DB: 191) | 200 OK [http://localhost/test/update_dhmos]


Processing TestController#update_dhmos (for 127.0.0.1 at 2010-01-30 00:46:34) [POST]
  Parameters: {"code"=>"06010600", "authenticity_token"=>"kFjpY/zK6tlN+Vcu8bMPOK21+5b+LiVQjo5gH6nXSyI="}
  [4;36;1mRegioncode Load (170.9ms)[0m   [0;1mselect description, code from regioncodes where code_index = 6 and code like '060106%' [0m
Rendered test/_dhmos (0.9ms)
Completed in 220ms (View: 4, DB: 171) | 200 OK [http://localhost/test/update_dhmos]


Processing TestController#update_dhmos (for 127.0.0.1 at 2010-01-30 00:46:37) [POST]
  Parameters: {"code"=>"06020100", "authenticity_token"=>"kFjpY/zK6tlN+Vcu8bMPOK21+5b+LiVQjo5gH6nXSyI="}
  [4;35;1mRegioncode Load (146.8ms)[0m   [0mselect description, code from regioncodes where code_index = 6 and code like '060201%' [0m
Rendered test/_dhmos (6.7ms)
Completed in 194ms (View: 10, DB: 147) | 200 OK [http://localhost/test/update_dhmos]


Processing TestController#update_dhmos (for 127.0.0.1 at 2010-01-30 00:46:39) [POST]
  Parameters: {"code"=>"06020500", "authenticity_token"=>"kFjpY/zK6tlN+Vcu8bMPOK21+5b+LiVQjo5gH6nXSyI="}
  [4;36;1mRegioncode Load (153.2ms)[0m   [0;1mselect description, code from regioncodes where code_index = 6 and code like '060205%' [0m
Rendered test/_dhmos (0.7ms)
Completed in 180ms (View: 5, DB: 153) | 200 OK [http://localhost/test/update_dhmos]


Processing TestController#update_dhmos (for 127.0.0.1 at 2010-01-30 00:46:42) [POST]
  Parameters: {"code"=>"06010500", "authenticity_token"=>"kFjpY/zK6tlN+Vcu8bMPOK21+5b+LiVQjo5gH6nXSyI="}
  [4;35;1mRegioncode Load (202.2ms)[0m   [0mselect description, code from regioncodes where code_index = 6 and code like '060105%' [0m
Rendered test/_dhmos (0.8ms)
Completed in 265ms (View: 37, DB: 202) | 200 OK [http://localhost/test/update_dhmos]


Processing TestController#update_dhmos (for 127.0.0.1 at 2010-01-30 00:46:44) [POST]
  Parameters: {"code"=>"06020100", "authenticity_token"=>"kFjpY/zK6tlN+Vcu8bMPOK21+5b+LiVQjo5gH6nXSyI="}
  [4;36;1mRegioncode Load (223.9ms)[0m   [0;1mselect description, code from regioncodes where code_index = 6 and code like '060201%' [0m
Rendered test/_dhmos (2.8ms)
Completed in 270ms (View: 32, DB: 224) | 200 OK [http://localhost/test/update_dhmos]


Processing TestController#update_dhmos (for 127.0.0.1 at 2010-01-30 00:46:46) [POST]
  Parameters: {"code"=>"06020500", "authenticity_token"=>"kFjpY/zK6tlN+Vcu8bMPOK21+5b+LiVQjo5gH6nXSyI="}
  [4;35;1mRegioncode Load (122.3ms)[0m   [0mselect description, code from regioncodes where code_index = 6 and code like '060205%' [0m
Rendered test/_dhmos (0.8ms)
Completed in 182ms (View: 33, DB: 122) | 200 OK [http://localhost/test/update_dhmos]


Processing TestController#update_dhmotiko_diamerisma (for 127.0.0.1 at 2010-01-30 00:46:57) [POST]
  Parameters: {"code"=>"13", "authenticity_token"=>"kFjpY/zK6tlN+Vcu8bMPOK21+5b+LiVQjo5gH6nXSyI="}
  [4;36;1mRegioncode Load (135.3ms)[0m   [0;1mselect description, code from regioncodes where code_index = 2 and code like '13%' [0m
  [4;35;1mRegioncode Load (125.0ms)[0m   [0mselect description, code from regioncodes where code_index = 5 and code like '13%' [0m
Rendered test/_dhmotiko_diamerisma (48.6ms)
Rendered test/_dhmos (0.7ms)
Completed in 585ms (View: 239, DB: 260) | 200 OK [http://localhost/test/update_dhmotiko_diamerisma]


Processing TestController#update_dhmos (for 127.0.0.1 at 2010-01-30 00:47:06) [POST]
  Parameters: {"code"=>"13031000", "authenticity_token"=>"kFjpY/zK6tlN+Vcu8bMPOK21+5b+LiVQjo5gH6nXSyI="}
  [4;36;1mRegioncode Load (202.0ms)[0m   [0;1mselect description, code from regioncodes where code_index = 6 and code like '130310%' [0m
Rendered test/_dhmos (6.5ms)
Completed in 233ms (View: 13, DB: 202) | 200 OK [http://localhost/test/update_dhmos]


Processing TestController#update_dhmos (for 127.0.0.1 at 2010-01-30 00:47:11) [POST]
  Parameters: {"code"=>"13041000", "authenticity_token"=>"kFjpY/zK6tlN+Vcu8bMPOK21+5b+LiVQjo5gH6nXSyI="}
  [4;35;1mRegioncode Load (175.4ms)[0m   [0mselect description, code from regioncodes where code_index = 6 and code like '130410%' [0m
Rendered test/_dhmos (0.9ms)
Completed in 225ms (View: 27, DB: 175) | 200 OK [http://localhost/test/update_dhmos]


Processing TestController#update_dhmos (for 127.0.0.1 at 2010-01-30 00:47:18) [POST]
  Parameters: {"code"=>"13090200", "authenticity_token"=>"kFjpY/zK6tlN+Vcu8bMPOK21+5b+LiVQjo5gH6nXSyI="}
  [4;36;1mRegioncode Load (179.2ms)[0m   [0;1mselect description, code from regioncodes where code_index = 6 and code like '130902%' [0m
Rendered test/_dhmos (0.7ms)
Completed in 226ms (View: 25, DB: 179) | 200 OK [http://localhost/test/update_dhmos]


Processing TestController#index (for 127.0.0.1 at 2010-01-30 00:47:25) [GET]
  [4;35;1mRegioncode Load (155.7ms)[0m   [0mselect description, code from regioncodes where code_index = 2[0m
Rendering template within layouts/application
Rendering test/index
Rendered test/_dhmotiko_diamerisma (7.3ms)
Rendered test/_dhmos (23.6ms)
Completed in 637ms (View: 76, DB: 156) | 200 OK [http://localhost/test]


Processing TestController#update_dhmotiko_diamerisma (for 127.0.0.1 at 2010-01-30 00:47:33) [POST]
  Parameters: {"code"=>"06", "authenticity_token"=>"kFjpY/zK6tlN+Vcu8bMPOK21+5b+LiVQjo5gH6nXSyI="}
  [4;36;1mRegioncode Load (122.1ms)[0m   [0;1mselect description, code from regioncodes where code_index = 2 and code like '06%' [0m
  [4;35;1mRegioncode Load (113.5ms)[0m   [0mselect description, code from regioncodes where code_index = 5 and code like '06%' [0m
Rendered test/_dhmotiko_diamerisma (36.2ms)
Rendered test/_dhmos (0.6ms)
Completed in 456ms (View: 181, DB: 236) | 200 OK [http://localhost/test/update_dhmotiko_diamerisma]


Processing TestController#index (for 127.0.0.1 at 2010-01-30 00:47:41) [GET]
  [4;36;1mRegioncode Load (95.8ms)[0m   [0;1mselect description, code from regioncodes where code_index = 2[0m
Rendering template within layouts/application
Rendering test/index
Rendered test/_dhmotiko_diamerisma (7.0ms)
Rendered test/_dhmos (0.4ms)
Completed in 205ms (View: 74, DB: 96) | 200 OK [http://localhost/test]


Processing TestController#index (for 127.0.0.1 at 2010-01-30 00:49:23) [GET]
  [4;35;1mRegioncode Load (69.6ms)[0m   [0mselect description, code from regioncodes where code_index = 2[0m
Rendering template within layouts/application
Rendering test/index
Rendered test/_dhmotiko_diamerisma (7.7ms)
Rendered test/_dhmos (0.5ms)
Completed in 194ms (View: 92, DB: 70) | 200 OK [http://localhost/test]


Processing TestController#update_dhmotiko_diamerisma (for 127.0.0.1 at 2010-01-30 00:49:36) [POST]
  Parameters: {"code"=>"05", "authenticity_token"=>"kFjpY/zK6tlN+Vcu8bMPOK21+5b+LiVQjo5gH6nXSyI="}
  [4;36;1mRegioncode Load (130.9ms)[0m   [0;1mselect description, code from regioncodes where code_index = 2 and code like '05%' [0m
  [4;35;1mRegioncode Load (130.2ms)[0m   [0mselect description, code from regioncodes where code_index = 5 and code like '05%' [0m
Rendered test/_dhmotiko_diamerisma (34.6ms)
Rendered test/_dhmos (0.5ms)
Completed in 435ms (View: 125, DB: 261) | 200 OK [http://localhost/test/update_dhmotiko_diamerisma]


Processing TestController#update_dhmos (for 127.0.0.1 at 2010-01-30 00:49:38) [POST]
  Parameters: {"code"=>"05010400", "authenticity_token"=>"kFjpY/zK6tlN+Vcu8bMPOK21+5b+LiVQjo5gH6nXSyI="}
  [4;36;1mRegioncode Load (195.9ms)[0m   [0;1mselect description, code from regioncodes where code_index = 6 and code like '050104%' [0m
Rendered test/_dhmos (9.9ms)
Completed in 257ms (View: 29, DB: 196) | 200 OK [http://localhost/test/update_dhmos]


Processing TestController#index (for 127.0.0.1 at 2010-01-30 00:50:40) [GET]
  [4;35;1mRegioncode Load (175.8ms)[0m   [0mselect description, code from regioncodes where code_index = 2[0m
Rendering template within layouts/application
Rendering test/index
Rendered test/_dhmotiko_diamerisma (28.3ms)
Rendered test/_dhmos (0.5ms)
Completed in 306ms (View: 116, DB: 176) | 200 OK [http://localhost/test]


Processing TestController#update_dhmotiko_diamerisma (for 127.0.0.1 at 2010-01-30 00:50:44) [POST]
  Parameters: {"code"=>"06", "authenticity_token"=>"kFjpY/zK6tlN+Vcu8bMPOK21+5b+LiVQjo5gH6nXSyI="}
  [4;36;1mRegioncode Load (134.3ms)[0m   [0;1mselect description, code from regioncodes where code_index = 2 and code like '06%' [0m
  [4;35;1mRegioncode Load (107.5ms)[0m   [0mselect description, code from regioncodes where code_index = 5 and code like '06%' [0m
Rendered test/_dhmotiko_diamerisma (40.9ms)
Rendered test/_dhmos (0.9ms)
Completed in 464ms (View: 173, DB: 242) | 200 OK [http://localhost/test/update_dhmotiko_diamerisma]


Processing TestController#update_dhmos (for 127.0.0.1 at 2010-01-30 00:50:47) [POST]
  Parameters: {"code"=>"06020100", "authenticity_token"=>"kFjpY/zK6tlN+Vcu8bMPOK21+5b+LiVQjo5gH6nXSyI="}
  [4;36;1mRegioncode Load (171.8ms)[0m   [0;1mselect description, code from regioncodes where code_index = 6 and code like '060201%' [0m
Rendered test/_dhmos (0.8ms)
Completed in 213ms (View: 10, DB: 172) | 200 OK [http://localhost/test/update_dhmos]


Processing TestController#update_dhmotiko_diamerisma (for 127.0.0.1 at 2010-01-30 00:50:55) [POST]
  Parameters: {"code"=>"A2", "authenticity_token"=>"kFjpY/zK6tlN+Vcu8bMPOK21+5b+LiVQjo5gH6nXSyI="}
  [4;35;1mRegioncode Load (112.6ms)[0m   [0mselect description, code from regioncodes where code_index = 2 and code like 'A2%' [0m
  [4;36;1mRegioncode Load (129.3ms)[0m   [0;1mselect description, code from regioncodes where code_index = 5 and code like 'A2%' [0m
Rendered test/_dhmotiko_diamerisma (34.1ms)
Rendered test/_dhmos (24.7ms)
Completed in 416ms (View: 106, DB: 242) | 200 OK [http://localhost/test/update_dhmotiko_diamerisma]


Processing TestController#update_dhmos (for 127.0.0.1 at 2010-01-30 00:50:58) [POST]
  Parameters: {"code"=>"A2110100", "authenticity_token"=>"kFjpY/zK6tlN+Vcu8bMPOK21+5b+LiVQjo5gH6nXSyI="}
  [4;35;1mRegioncode Load (147.8ms)[0m   [0mselect description, code from regioncodes where code_index = 6 and code like 'A21101%' [0m
Rendered test/_dhmos (5.7ms)
Completed in 185ms (View: 10, DB: 148) | 200 OK [http://localhost/test/update_dhmos]


Processing TestController#update_dhmos (for 127.0.0.1 at 2010-01-30 00:51:18) [POST]
  Parameters: {"code"=>"A2090100", "authenticity_token"=>"kFjpY/zK6tlN+Vcu8bMPOK21+5b+LiVQjo5gH6nXSyI="}
  [4;36;1mRegioncode Load (180.5ms)[0m   [0;1mselect description, code from regioncodes where code_index = 6 and code like 'A20901%' [0m
Rendered test/_dhmos (0.8ms)
Completed in 243ms (View: 13, DB: 180) | 200 OK [http://localhost/test/update_dhmos]
